[debug] [2020-10-21T12:44:01.602Z] ----------------------------------------------------------------------
[debug] [2020-10-21T12:44:01.605Z] Command:       C:\Program Files\nodejs\node.exe C:\Users\gomez\AppData\Roaming\npm\node_modules\firebase-tools\lib\bin\firebase.js functions:shell
[debug] [2020-10-21T12:44:01.606Z] CLI Version:   8.12.1
[debug] [2020-10-21T12:44:01.606Z] Platform:      win32
[debug] [2020-10-21T12:44:01.606Z] Node Version:  v12.4.0
[debug] [2020-10-21T12:44:01.608Z] Time:          Wed Oct 21 2020 14:44:01 GMT+0200 (GMT+02:00)
[debug] [2020-10-21T12:44:01.608Z] ----------------------------------------------------------------------
[debug] [2020-10-21T12:44:01.608Z] 
[debug] [2020-10-21T12:44:01.629Z] > command requires scopes: ["email","openid","https://www.googleapis.com/auth/cloudplatformprojects.readonly","https://www.googleapis.com/auth/firebase","https://www.googleapis.com/auth/cloud-platform"]
[debug] [2020-10-21T12:44:01.630Z] > authorizing via signed-in user
[debug] [2020-10-21T12:44:01.631Z] [iam] checking project ng-firebase-bigquery for permissions ["firebase.projects.get"]
[debug] [2020-10-21T12:44:01.637Z] > refreshing access token with scopes: ["email","https://www.googleapis.com/auth/cloud-platform","https://www.googleapis.com/auth/cloudplatformprojects.readonly","https://www.googleapis.com/auth/firebase","openid"]
[debug] [2020-10-21T12:44:01.638Z] >>> HTTP REQUEST POST https://www.googleapis.com/oauth2/v3/token  
 <request body omitted>
[debug] [2020-10-21T12:44:02.687Z] <<< HTTP RESPONSE 200 {"date":"Wed, 21 Oct 2020 12:44:03 GMT","pragma":"no-cache","expires":"Mon, 01 Jan 1990 00:00:00 GMT","cache-control":"no-cache, no-store, max-age=0, must-revalidate","content-type":"application/json; charset=utf-8","vary":"X-Origin, Referer, Origin,Accept-Encoding","server":"scaffolding on HTTPServer2","x-xss-protection":"0","x-frame-options":"SAMEORIGIN","x-content-type-options":"nosniff","alt-svc":"h3-Q050=\":443\"; ma=2592000,h3-29=\":443\"; ma=2592000,h3-27=\":443\"; ma=2592000,h3-T051=\":443\"; ma=2592000,h3-T050=\":443\"; ma=2592000,h3-Q046=\":443\"; ma=2592000,h3-Q043=\":443\"; ma=2592000,quic=\":443\"; ma=2592000; v=\"46,43\"","accept-ranges":"none","transfer-encoding":"chunked"}
[debug] [2020-10-21T12:44:02.698Z] >>> HTTP REQUEST POST https://cloudresourcemanager.googleapis.com/v1/projects/ng-firebase-bigquery:testIamPermissions  
 {"permissions":["firebase.projects.get"]}
[debug] [2020-10-21T12:44:04.175Z] <<< HTTP RESPONSE 200 {"content-type":"application/json; charset=UTF-8","vary":"X-Origin, Referer, Origin,Accept-Encoding","date":"Wed, 21 Oct 2020 12:44:05 GMT","server":"ESF","cache-control":"private","x-xss-protection":"0","x-frame-options":"SAMEORIGIN","x-content-type-options":"nosniff","server-timing":"gfet4t7; dur=651","alt-svc":"h3-Q050=\":443\"; ma=2592000,h3-29=\":443\"; ma=2592000,h3-27=\":443\"; ma=2592000,h3-T051=\":443\"; ma=2592000,h3-T050=\":443\"; ma=2592000,h3-Q046=\":443\"; ma=2592000,h3-Q043=\":443\"; ma=2592000,quic=\":443\"; ma=2592000; v=\"46,43\"","accept-ranges":"none","transfer-encoding":"chunked"}
[warn] !  Your requested "node" version "8" doesn't match your global version "12" {"metadata":{"emulator":{"name":"functions"},"message":"Your requested \"node\" version \"8\" doesn't match your global version \"12\""}}
[debug] [2020-10-21T12:44:06.372Z] defaultcredentials: writing to file C:\Users\gomez\AppData\Roaming\firebase\gomezbateman_gmail_com_application_default_credentials.json
[debug] [2020-10-21T12:44:06.375Z] DEBUG: Setting GAC to C:\Users\gomez\AppData\Roaming\firebase\gomezbateman_gmail_com_application_default_credentials.json
[debug] [2020-10-21T12:44:06.398Z] [functions] Watching "C:\Users\gomez\code\angular-firebase-bigquery\functions" for Cloud Functions...
[debug] [2020-10-21T12:44:06.437Z] DEBUG: [worker-pool] addWorker(~diagnostic~)
[debug] [2020-10-21T12:44:06.438Z] DEBUG: [worker-pool] Adding worker with key ~diagnostic~, total=1
[debug] [2020-10-21T12:44:06.438Z] DEBUG: [worker-pool] submitWork(triggerId=)
[debug] [2020-10-21T12:44:06.438Z] DEBUG: [worker-~diagnostic~-f13e6285-4ca4-4886-a4ad-9f74bddbc104]: Assigning socketPath: \\?\pipe\C:\Users\gomez\code\angular-firebase-bigquery\functions\20916
[debug] [2020-10-21T12:44:06.439Z] DEBUG: [worker-~diagnostic~-f13e6285-4ca4-4886-a4ad-9f74bddbc104]: BUSY
[debug] [2020-10-21T12:44:07.504Z] DEBUG: [runtime-status] [20916] Functions runtime initialized. {"cwd":"C:\\Users\\gomez\\code\\angular-firebase-bigquery\\functions","node_version":"12.4.0"}
[debug] [2020-10-21T12:44:07.507Z] DEBUG: [runtime-status] [20916] Disabled runtime features: undefined
[debug] [2020-10-21T12:44:07.514Z] DEBUG: [runtime-status] [20916] Resolved module firebase-admin {"declared":true,"installed":true,"version":"8.13.0","resolution":"C:\\Users\\gomez\\code\\angular-firebase-bigquery\\functions\\node_modules\\firebase-admin\\lib\\index.js"}
[debug] [2020-10-21T12:44:07.518Z] DEBUG: [runtime-status] [20916] Resolved module firebase-functions {"declared":true,"installed":true,"version":"3.11.0","resolution":"C:\\Users\\gomez\\code\\angular-firebase-bigquery\\functions\\node_modules\\firebase-functions\\lib\\index.js"}
[debug] [2020-10-21T12:44:07.520Z] DEBUG: [runtime-status] [20916] Resolved module firebase-functions {"declared":true,"installed":true,"version":"3.11.0","resolution":"C:\\Users\\gomez\\code\\angular-firebase-bigquery\\functions\\node_modules\\firebase-functions\\lib\\index.js"}
[debug] [2020-10-21T12:44:07.525Z] DEBUG: [runtime-status] [20916] Outgoing network have been stubbed. [{"name":"http","status":"mocked"},{"name":"http","status":"mocked"},{"name":"https","status":"mocked"},{"name":"https","status":"mocked"},{"name":"net","status":"mocked"}]
[debug] [2020-10-21T12:44:07.526Z] DEBUG: [runtime-status] [20916] Resolved module firebase-functions {"declared":true,"installed":true,"version":"3.11.0","resolution":"C:\\Users\\gomez\\code\\angular-firebase-bigquery\\functions\\node_modules\\firebase-functions\\lib\\index.js"}
[debug] [2020-10-21T12:44:07.613Z] DEBUG: [runtime-status] [20916] Checked functions.config() {"config":{}}
[debug] [2020-10-21T12:44:07.614Z] DEBUG: [runtime-status] [20916] firebase-functions has been stubbed. {"functionsResolution":{"declared":true,"installed":true,"version":"3.11.0","resolution":"C:\\Users\\gomez\\code\\angular-firebase-bigquery\\functions\\node_modules\\firebase-functions\\lib\\index.js"}}
[debug] [2020-10-21T12:44:07.615Z] DEBUG: [runtime-status] [20916] Resolved module firebase-functions {"declared":true,"installed":true,"version":"3.11.0","resolution":"C:\\Users\\gomez\\code\\angular-firebase-bigquery\\functions\\node_modules\\firebase-functions\\lib\\index.js"}
[debug] [2020-10-21T12:44:07.616Z] DEBUG: [runtime-status] [20916] Resolved module firebase-admin {"declared":true,"installed":true,"version":"8.13.0","resolution":"C:\\Users\\gomez\\code\\angular-firebase-bigquery\\functions\\node_modules\\firebase-admin\\lib\\index.js"}
[debug] [2020-10-21T12:44:07.618Z] DEBUG: [runtime-status] [20916] Resolved module firebase-functions {"declared":true,"installed":true,"version":"3.11.0","resolution":"C:\\Users\\gomez\\code\\angular-firebase-bigquery\\functions\\node_modules\\firebase-functions\\lib\\index.js"}
[debug] [2020-10-21T12:44:07.619Z] DEBUG: [runtime-status] [20916] firebase-admin has been stubbed. {"adminResolution":{"declared":true,"installed":true,"version":"8.13.0","resolution":"C:\\Users\\gomez\\code\\angular-firebase-bigquery\\functions\\node_modules\\firebase-admin\\lib\\index.js"}}
[debug] [2020-10-21T12:44:07.848Z] [functions[bigQSqlQuery]] http function initialized (http://localhost:5000/ng-firebase-bigquery/us-central1/bigQSqlQuery).
[info] i  functions: Loaded functions: bigQSqlQuery 
[warn] !  functions: The following emulators are not running, calls to these services will affect production: firestore, database, pubsub 
[debug] [2020-10-21T12:44:07.919Z] DEBUG: [worker-~diagnostic~-f13e6285-4ca4-4886-a4ad-9f74bddbc104]: IDLE
